<?xml version="1.0" encoding="UTF-8"?>
<robot generator="Robot 5.0 (Python 3.10.4 on win32)" generated="20220510 12:46:37.686" rpa="false" schemaversion="3">
<suite id="s1" name="Demo11" source="C:\Users\Naman Thakur\PycharmProjects\robot_project\selenium_suite\demo11.robot">
<test id="s1-t1" name="TC1" line="5">
<kw name="Open Browser" library="SeleniumLibrary">
<arg>browser=chrome</arg>
<arg>executable_path=C:\\Users\\Naman Thakur\\PycharmProjects\\robot_project\\driver</arg>
<doc>Opens a new browser instance to the optional ``url``.</doc>
<msg timestamp="20220510 12:46:37.957" level="INFO">Opening browser 'chrome' to base url 'None'.</msg>
<msg timestamp="20220510 12:46:37.991" level="INFO">Cannot capture screenshot because no browser is open.</msg>
<msg timestamp="20220510 12:46:37.992" level="FAIL">WebDriverException: Message: 'driver' executable may have wrong permissions. Please see https://sites.google.com/a/chromium.org/chromedriver/home
</msg>
<status status="FAIL" starttime="20220510 12:46:37.956" endtime="20220510 12:46:37.995"/>
</kw>
<kw name="Maximize Browser Window" library="SeleniumLibrary">
<doc>Maximizes current browser window.</doc>
<status status="NOT RUN" starttime="20220510 12:46:37.997" endtime="20220510 12:46:37.997"/>
</kw>
<kw name="Set Selenium Implicit Wait" library="SeleniumLibrary">
<arg>30s</arg>
<doc>Sets the implicit wait value used by Selenium.</doc>
<status status="NOT RUN" starttime="20220510 12:46:37.997" endtime="20220510 12:46:37.997"/>
</kw>
<kw name="Go To" library="SeleniumLibrary">
<arg>url=https://myntra.com</arg>
<doc>Navigates the current browser window to the provided ``url``.</doc>
<status status="NOT RUN" starttime="20220510 12:46:37.998" endtime="20220510 12:46:37.998"/>
</kw>
<kw name="Mouse Over" library="SeleniumLibrary">
<arg>xpath=//*[text()='Profile']</arg>
<doc>Simulates hovering the mouse over the element ``locator``.</doc>
<status status="NOT RUN" starttime="20220510 12:46:37.999" endtime="20220510 12:46:37.999"/>
</kw>
<kw name="Click Element" library="SeleniumLibrary">
<arg>xpath=//a[text()='login / Signup']</arg>
<doc>Click the element identified by ``locator``.</doc>
<status status="NOT RUN" starttime="20220510 12:46:37.999" endtime="20220510 12:46:37.999"/>
</kw>
<status status="FAIL" starttime="20220510 12:46:37.955" endtime="20220510 12:46:38.000">WebDriverException: Message: 'driver' executable may have wrong permissions. Please see https://sites.google.com/a/chromium.org/chromedriver/home
</status>
</test>
<status status="FAIL" starttime="20220510 12:46:37.689" endtime="20220510 12:46:38.003"/>
</suite>
<statistics>
<total>
<stat pass="0" fail="1" skip="0">All Tests</stat>
</total>
<tag>
</tag>
<suite>
<stat pass="0" fail="1" skip="0" id="s1" name="Demo11">Demo11</stat>
</suite>
</statistics>
<errors>
</errors>
</robot>
